  Menu.cpp
c:\users\100709845\documents\gitkraken\repos\nnn_omen-challenge3\infr 1395 - challenge 3\infr 1395 - challenge 3\menu.cpp(36): warning C4129: '/': unrecognized character escape sequence
  main.cpp
c:\users\100709845\documents\gitkraken\repos\nnn_omen-challenge3\infr 1395 - challenge 3\infr 1395 - challenge 3\game.h(21): warning C4091: 'typedef ': ignored on left of '_CharacterStateInfo' when no variable is declared
c:\users\100709845\documents\gitkraken\repos\nnn_omen-challenge3\infr 1395 - challenge 3\infr 1395 - challenge 3\game.h(26): warning C4091: 'typedef ': ignored on left of '_InventoryInfo' when no variable is declared
  Game.cpp
c:\users\100709845\documents\gitkraken\repos\nnn_omen-challenge3\infr 1395 - challenge 3\infr 1395 - challenge 3\game.h(21): warning C4091: 'typedef ': ignored on left of '_CharacterStateInfo' when no variable is declared
c:\users\100709845\documents\gitkraken\repos\nnn_omen-challenge3\infr 1395 - challenge 3\infr 1395 - challenge 3\game.h(26): warning C4091: 'typedef ': ignored on left of '_InventoryInfo' when no variable is declared
c:\users\100709845\documents\gitkraken\repos\nnn_omen-challenge3\infr 1395 - challenge 3\infr 1395 - challenge 3\game.cpp(164): warning C4996: 'getch': The POSIX name for this item is deprecated. Instead, use the ISO C and C++ conformant name: _getch. See online help for details.
  c:\program files (x86)\windows kits\10\include\10.0.15063.0\ucrt\conio.h(452): note: see declaration of 'getch'
c:\users\100709845\documents\gitkraken\repos\nnn_omen-challenge3\infr 1395 - challenge 3\infr 1395 - challenge 3\game.cpp(280): warning C4996: 'getch': The POSIX name for this item is deprecated. Instead, use the ISO C and C++ conformant name: _getch. See online help for details.
  c:\program files (x86)\windows kits\10\include\10.0.15063.0\ucrt\conio.h(452): note: see declaration of 'getch'
c:\users\100709845\documents\gitkraken\repos\nnn_omen-challenge3\infr 1395 - challenge 3\infr 1395 - challenge 3\game.cpp(396): warning C4996: 'getch': The POSIX name for this item is deprecated. Instead, use the ISO C and C++ conformant name: _getch. See online help for details.
  c:\program files (x86)\windows kits\10\include\10.0.15063.0\ucrt\conio.h(452): note: see declaration of 'getch'
c:\users\100709845\documents\gitkraken\repos\nnn_omen-challenge3\infr 1395 - challenge 3\infr 1395 - challenge 3\game.cpp(516): warning C4996: 'getch': The POSIX name for this item is deprecated. Instead, use the ISO C and C++ conformant name: _getch. See online help for details.
  c:\program files (x86)\windows kits\10\include\10.0.15063.0\ucrt\conio.h(452): note: see declaration of 'getch'
  Generating Code...
  LINK : C:\Users\100709845\Documents\GitKraken\Repos\NNN_Omen-Challenge3\INFR 1395 - Challenge 3\Debug\INFR 1395 - Challenge 3.exe not found or not built by the last incremental link; performing full link
  INFR 1395 - Challenge 3.vcxproj -> C:\Users\100709845\Documents\GitKraken\Repos\NNN_Omen-Challenge3\INFR 1395 - Challenge 3\Debug\INFR 1395 - Challenge 3.exe
  INFR 1395 - Challenge 3.vcxproj -> C:\Users\100709845\Documents\GitKraken\Repos\NNN_Omen-Challenge3\INFR 1395 - Challenge 3\Debug\INFR 1395 - Challenge 3.pdb (Partial PDB)
